#
# There is insufficient memory for the Java Runtime Environment to continue.
# Native memory allocation (mmap) failed to map 67108864 bytes for G1 virtual space
# Possible reasons:
#   The system is out of physical RAM or swap space
#   The process is running with CompressedOops enabled, and the Java Heap may be blocking the growth of the native heap
# Possible solutions:
#   Reduce memory load on the system
#   Increase physical memory or swap space
#   Check if swap backing store is full
#   Decrease Java heap size (-Xmx/-Xms)
#   Decrease number of Java threads
#   Decrease Java thread stack sizes (-Xss)
#   Set larger code cache with -XX:ReservedCodeCacheSize=
#   JVM is running with Unscaled Compressed Oops mode in which the Java heap is
#     placed in the first 4GB address space. The Java Heap base address is the
#     maximum limit for the native heap growth. Please use -XX:HeapBaseMinAddress
#     to set the Java Heap base and to place the Java Heap above 4GB virtual address.
# This output file may be truncated or incomplete.
#
#  Out of Memory Error (os_windows.cpp:3559), pid=10764, tid=6424
#
# JRE version:  (17.0.7+7) (build )
# Java VM: OpenJDK 64-Bit Server VM (17.0.7+7, mixed mode, sharing, tiered, compressed oops, compressed class ptrs, g1 gc, windows-amd64)
# No core dump will be written. Minidumps are not enabled by default on client versions of Windows
#

---------------  S U M M A R Y ------------

Command Line: -Dfile.encoding=UTF-8 --module-path=C:\Users\Administrador\Documents\devJava\jframe-mysql-connection\employeeProject\bin -XX:+ShowCodeDetailsInExceptionMessages -Djdk.module.main=employeeProject employeeProject/br.edu.employee.controller.EmployeeController

Host: Intel(R) Core(TM) i3 CPU       M 350  @ 2.27GHz, 4 cores, 3G,  Windows 10 , 64 bit Build 19041 (10.0.19041.3636)
Time: Sun Feb 25 21:01:03 2024 Hora oficial do Brasil elapsed time: 0.365568 seconds (0d 0h 0m 0s)

---------------  T H R E A D  ---------------

Current thread (0x000001fe9354f6f0):  JavaThread "Unknown thread" [_thread_in_vm, id=6424, stack(0x0000005c59200000,0x0000005c59300000)]

Stack: [0x0000005c59200000,0x0000005c59300000]
Native frames: (J=compiled Java code, j=interpreted, Vv=VM code, C=native code)
V  [jvm.dll+0x67754a]
V  [jvm.dll+0x834304]
V  [jvm.dll+0x835aae]
V  [jvm.dll+0x836113]
V  [jvm.dll+0x24696f]
V  [jvm.dll+0x6743f9]
V  [jvm.dll+0x668c8a]
V  [jvm.dll+0x3061bb]
V  [jvm.dll+0x30d6a6]
V  [jvm.dll+0x35cece]
V  [jvm.dll+0x35d0ff]
V  [jvm.dll+0x2dd048]
V  [jvm.dll+0x2ddfb4]
V  [jvm.dll+0x8066d1]
V  [jvm.dll+0x36ac91]
V  [jvm.dll+0x7e5cec]
V  [jvm.dll+0x3ed56f]
V  [jvm.dll+0x3ef0a1]
C  [jli.dll+0x528b]
C  [ucrtbase.dll+0x21bb2]
C  [KERNEL32.DLL+0x17344]
C  [ntdll.dll+0x526b1]


---------------  P R O C E S S  ---------------

Threads class SMR info:
_java_thread_list=0x00007ffabac17018, length=0, elements={
}

Java Threads: ( => current thread )

Other Threads:
  0x000001fe9358deb0 GCTaskThread "GC Thread#0" [stack: 0x0000005c59300000,0x0000005c59400000] [id=11796]
  0x000001fe93596b70 ConcurrentGCThread "G1 Main Marker" [stack: 0x0000005c59400000,0x0000005c59500000] [id=11344]
  0x000001fe93597580 ConcurrentGCThread "G1 Conc#0" [stack: 0x0000005c59500000,0x0000005c59600000] [id=2576]

[error occurred during error reporting (printing all threads), id 0xc0000005, EXCEPTION_ACCESS_VIOLATION (0xc0000005) at pc=0x00007ffaba3edaf7]

VM state: not at safepoint (not fully initialized)

VM Mutex/Monitor currently owned by a thread:  ([mutex/lock_event])
[0x000001fe9354aee0] Heap_lock - owner thread: 0x000001fe9354f6f0

Heap address: 0x00000000c1400000, size: 1004 MB, Compressed Oops mode: 32-bit

CDS archive(s) mapped at: [0x0000000000000000-0x0000000000000000-0x0000000000000000), size 0, SharedBaseAddress: 0x0000000800000000, ArchiveRelocationMode: 0.
Narrow klass base: 0x0000000000000000, Narrow klass shift: 0, Narrow klass range: 0x0

GC Precious Log:
<Empty>

Heap:
 garbage-first heap   total 0K, used 0K [0x00000000c1400000, 0x0000000100000000)
  region size 1024K, 0 young (0K), 0 survivors (0K)

[error occurred during error reporting (printing heap information), id 0xc0000005, EXCEPTION_ACCESS_VIOLATION (0xc0000005) at pc=0x00007ffaba7d0db9]

GC Heap History (0 events):
No events

Dll operation events (1 events):
Event: 0.022 Loaded shared library C:\Users\Administrador\Documents\eclipse\plugins\org.eclipse.justj.openjdk.hotspot.jre.full.win32.x86_64_17.0.7.v20230425-1502\jre\bin\java.dll

Deoptimization events (0 events):
No events

Classes unloaded (0 events):
No events

Classes redefined (0 events):
No events

Internal exceptions (0 events):
No events

VM Operations (0 events):
No events

Events (0 events):
No events


Dynamic libraries:
0x00007ff6061d0000 - 0x00007ff6061de000 	C:\Users\Administrador\Documents\eclipse\plugins\org.eclipse.justj.openjdk.hotspot.jre.full.win32.x86_64_17.0.7.v20230425-1502\jre\bin\javaw.exe
0x00007ffb08290000 - 0x00007ffb08488000 	C:\WINDOWS\SYSTEM32\ntdll.dll
0x00007ffb07010000 - 0x00007ffb070cd000 	C:\WINDOWS\System32\KERNEL32.DLL
0x00007ffb05fe0000 - 0x00007ffb062d6000 	C:\WINDOWS\System32\KERNELBASE.dll
0x00007ffb05a80000 - 0x00007ffb05b80000 	C:\WINDOWS\System32\ucrtbase.dll
0x00007ffafd300000 - 0x00007ffafd317000 	C:\Users\Administrador\Documents\eclipse\plugins\org.eclipse.justj.openjdk.hotspot.jre.full.win32.x86_64_17.0.7.v20230425-1502\jre\bin\jli.dll
0x00007ffb07a60000 - 0x00007ffb07bfe000 	C:\WINDOWS\System32\USER32.dll
0x00007ffb05fb0000 - 0x00007ffb05fd2000 	C:\WINDOWS\System32\win32u.dll
0x00007ffb07c00000 - 0x00007ffb07c2c000 	C:\WINDOWS\System32\GDI32.dll
0x00007ffb05960000 - 0x00007ffb05a7a000 	C:\WINDOWS\System32\gdi32full.dll
0x00007ffb05b80000 - 0x00007ffb05c1d000 	C:\WINDOWS\System32\msvcp_win.dll
0x00007ffaf0a60000 - 0x00007ffaf0a79000 	C:\Users\Administrador\Documents\eclipse\plugins\org.eclipse.justj.openjdk.hotspot.jre.full.win32.x86_64_17.0.7.v20230425-1502\jre\bin\VCRUNTIME140.dll
0x00007ffaf99a0000 - 0x00007ffaf9c3a000 	C:\WINDOWS\WinSxS\amd64_microsoft.windows.common-controls_6595b64144ccf1df_6.0.19041.3636_none_60b6a03d71f818d5\COMCTL32.dll
0x00007ffb07500000 - 0x00007ffb0759e000 	C:\WINDOWS\System32\msvcrt.dll
0x00007ffb07600000 - 0x00007ffb07630000 	C:\WINDOWS\System32\IMM32.DLL
0x00007ffb00260000 - 0x00007ffb0026c000 	C:\Users\Administrador\Documents\eclipse\plugins\org.eclipse.justj.openjdk.hotspot.jre.full.win32.x86_64_17.0.7.v20230425-1502\jre\bin\vcruntime140_1.dll
0x00007ffadc950000 - 0x00007ffadc9e1000 	C:\Users\Administrador\Documents\eclipse\plugins\org.eclipse.justj.openjdk.hotspot.jre.full.win32.x86_64_17.0.7.v20230425-1502\jre\bin\msvcp140.dll
0x00007ffaba100000 - 0x00007ffabad48000 	C:\Users\Administrador\Documents\eclipse\plugins\org.eclipse.justj.openjdk.hotspot.jre.full.win32.x86_64_17.0.7.v20230425-1502\jre\bin\server\jvm.dll
0x00007ffb07440000 - 0x00007ffb074f3000 	C:\WINDOWS\System32\ADVAPI32.dll
0x00007ffb079c0000 - 0x00007ffb07a5f000 	C:\WINDOWS\System32\sechost.dll
0x00007ffb07310000 - 0x00007ffb07436000 	C:\WINDOWS\System32\RPCRT4.dll
0x00007ffb05cd0000 - 0x00007ffb05cf7000 	C:\WINDOWS\System32\bcrypt.dll
0x00007ffaf3aa0000 - 0x00007ffaf3aa9000 	C:\WINDOWS\SYSTEM32\WSOCK32.dll
0x00007ffb072a0000 - 0x00007ffb0730b000 	C:\WINDOWS\System32\WS2_32.dll
0x00007ffaf9f50000 - 0x00007ffaf9f77000 	C:\WINDOWS\SYSTEM32\WINMM.dll
0x00007ffafcc40000 - 0x00007ffafcc4a000 	C:\WINDOWS\SYSTEM32\VERSION.dll
0x00007ffb03730000 - 0x00007ffb03742000 	C:\WINDOWS\SYSTEM32\kernel.appcore.dll
0x00007ffaed1e0000 - 0x00007ffaed1ea000 	C:\Users\Administrador\Documents\eclipse\plugins\org.eclipse.justj.openjdk.hotspot.jre.full.win32.x86_64_17.0.7.v20230425-1502\jre\bin\jimage.dll
0x00007ffaf4070000 - 0x00007ffaf4254000 	C:\WINDOWS\SYSTEM32\DBGHELP.DLL
0x00007ffafd000000 - 0x00007ffafd034000 	C:\WINDOWS\SYSTEM32\dbgcore.DLL
0x00007ffb05d00000 - 0x00007ffb05d82000 	C:\WINDOWS\System32\bcryptPrimitives.dll
0x00007ffae14d0000 - 0x00007ffae14f5000 	C:\Users\Administrador\Documents\eclipse\plugins\org.eclipse.justj.openjdk.hotspot.jre.full.win32.x86_64_17.0.7.v20230425-1502\jre\bin\java.dll

dbghelp: loaded successfully - version: 4.0.5 - missing functions: none
symbol engine: initialized successfully - sym options: 0x614 - pdb path: .;C:\Users\Administrador\Documents\eclipse\plugins\org.eclipse.justj.openjdk.hotspot.jre.full.win32.x86_64_17.0.7.v20230425-1502\jre\bin;C:\WINDOWS\SYSTEM32;C:\WINDOWS\WinSxS\amd64_microsoft.windows.common-controls_6595b64144ccf1df_6.0.19041.3636_none_60b6a03d71f818d5;C:\Users\Administrador\Documents\eclipse\plugins\org.eclipse.justj.openjdk.hotspot.jre.full.win32.x86_64_17.0.7.v20230425-1502\jre\bin\server

VM Arguments:
jvm_args: -Dfile.encoding=UTF-8 --module-path=C:\Users\Administrador\Documents\devJava\jframe-mysql-connection\employeeProject\bin -XX:+ShowCodeDetailsInExceptionMessages -Djdk.module.main=employeeProject 
java_command: employeeProject/br.edu.employee.controller.EmployeeController
java_class_path (initial): <not set>
Launcher Type: SUN_STANDARD

[Global flags]
     intx CICompilerCount                          = 3                                         {product} {ergonomic}
     uint ConcGCThreads                            = 1                                         {product} {ergonomic}
     uint G1ConcRefinementThreads                  = 4                                         {product} {ergonomic}
   size_t G1HeapRegionSize                         = 1048576                                   {product} {ergonomic}
    uintx GCDrainStackTargetSize                   = 64                                        {product} {ergonomic}
   size_t InitialHeapSize                          = 67108864                                  {product} {ergonomic}
   size_t MarkStackSize                            = 4194304                                   {product} {ergonomic}
   size_t MaxHeapSize                              = 1052770304                                {product} {ergonomic}
   size_t MinHeapDeltaBytes                        = 1048576                                   {product} {ergonomic}
   size_t MinHeapSize                              = 8388608                                   {product} {ergonomic}
    uintx NonNMethodCodeHeapSize                   = 5832780                                {pd product} {ergonomic}
    uintx NonProfiledCodeHeapSize                  = 122912730                              {pd product} {ergonomic}
    uintx ProfiledCodeHeapSize                     = 122912730                              {pd product} {ergonomic}
    uintx ReservedCodeCacheSize                    = 251658240                              {pd product} {ergonomic}
     bool SegmentedCodeCache                       = true                                      {product} {ergonomic}
     bool ShowCodeDetailsInExceptionMessages       = true                                   {manageable} {command line}
   size_t SoftMaxHeapSize                          = 1052770304                             {manageable} {ergonomic}
     bool UseCompressedClassPointers               = true                           {product lp64_product} {ergonomic}
     bool UseCompressedOops                        = true                           {product lp64_product} {ergonomic}
     bool UseG1GC                                  = true                                      {product} {ergonomic}
     bool UseLargePagesIndividualAllocation        = false                                  {pd product} {ergonomic}

Logging:
Log output configuration:
 #0: stdout all=warning uptime,level,tags
 #1: stderr all=off uptime,level,tags

Environment Variables:
PATH=C:/Users/Administrador/Documents/eclipse//plugins/org.eclipse.justj.openjdk.hotspot.jre.full.win32.x86_64_17.0.7.v20230425-1502/jre/bin/server;C:/Users/Administrador/Documents/eclipse//plugins/org.eclipse.justj.openjdk.hotspot.jre.full.win32.x86_64_17.0.7.v20230425-1502/jre/bin;C:\Program Files (x86)\Common Files\Oracle\Java\javapath;C:\Program Files\Python310\Scripts\;C:\Program Files\Python310\;C:\WINDOWS\system32;C:\WINDOWS;C:\WINDOWS\System32\Wbem;C:\WINDOWS\System32\WindowsPowerShell\v1.0\;C:\WINDOWS\System32\OpenSSH\;C:\Program Files\dotnet\;C:\Program Files\Git\cmd;C:\Users\Administrador\AppData\Local\Microsoft\WindowsApps;;C:\Users\Administrador\AppData\Local\Programs\Microsoft VS Code\bin;C:\Users\Administrador\Documents\eclipse;
USERNAME=Administrador
OS=Windows_NT
PROCESSOR_IDENTIFIER=Intel64 Family 6 Model 37 Stepping 2, GenuineIntel
TMP=C:\Users\ADMINI~1\AppData\Local\Temp
TEMP=C:\Users\ADMINI~1\AppData\Local\Temp



---------------  S Y S T E M  ---------------

OS:
 Windows 10 , 64 bit Build 19041 (10.0.19041.3636)
OS uptime: 0 days 8:09 hours

CPU: total 4 (initial active 4) (2 cores per cpu, 2 threads per core) family 6 model 37 stepping 2 microcode 0x11, cx8, cmov, fxsr, ht, mmx, sse, sse2, sse3, ssse3, sse4.1, sse4.2, popcnt, tsc, tscinvbit, clflush

Memory: 4k page, system-wide physical 4014M (294M free)
TotalPageFile size 6014M (AvailPageFile size 13M)
current process WorkingSet (physical memory assigned to process): 10M, peak: 10M
current process commit charge ("private bytes"): 51M, peak: 115M

vm_info: OpenJDK 64-Bit Server VM (17.0.7+7) for windows-amd64 JRE (17.0.7+7), built on Apr 18 2023 22:10:42 by "temurin" with MS VC++ 16.7 (VS2019)

END.
